\BOOKMARK [0][-]{chapter.1}{\376\377\000B\000e\000a\000m\000o\000n\000\040\000I\000n\000\040\000A\000\040\000G\000l\000a\000n\000c\000e}{}% 1
\BOOKMARK [0][-]{chapter.2}{\376\377\000D\000o\000c\000u\000m\000e\000n\000t\000a\000t\000i\000o\000n\000s\000\040\000C\000o\000n\000t\000e\000n\000t\000s}{}% 2
\BOOKMARK [1][-]{section.2.1}{\376\377\000G\000e\000t\000t\000i\000n\000g\000\040\000S\000t\000a\000r\000t\000e\000d}{chapter.2}% 3
\BOOKMARK [2][-]{subsection.2.1.1}{\376\377\000I\000n\000s\000t\000a\000l\000l\000a\000t\000i\000o\000n}{section.2.1}% 4
\BOOKMARK [3][-]{subsubsection.2.1.1.1}{\376\377\000W\000i\000n\000d\000o\000w\000s\000\040\000I\000n\000s\000t\000a\000l\000l\000e\000r}{subsection.2.1.1}% 5
\BOOKMARK [3][-]{subsubsection.2.1.1.2}{\376\377\000W\000i\000n\000d\000o\000w\000s\000\040\000P\000o\000r\000t\000a\000b\000l\000e\000\040\000V\000e\000r\000s\000i\000o\000n}{subsection.2.1.1}% 6
\BOOKMARK [3][-]{subsubsection.2.1.1.3}{\376\377\000P\000y\000t\000h\000o\000n\000\040\000P\000a\000c\000k\000a\000g\000e\000\040\000\050\000f\000o\000r\000\040\000d\000e\000v\000e\000l\000o\000p\000e\000r\000s\000\040\000a\000n\000d\000\040\000t\000e\000s\000t\000e\000r\000s\000\051}{subsection.2.1.1}% 7
\BOOKMARK [2][-]{subsection.2.1.2}{\376\377\000S\000t\000a\000r\000t\000i\000n\000g\000\040\000B\000e\000a\000m\000o\000n}{section.2.1}% 8
\BOOKMARK [3][-]{subsubsection.2.1.2.1}{\376\377\000H\000o\000w\000\040\000T\000o\000\040\000U\000s\000e\000\040\000b\000e\000a\000m\000o\000n\000\040\000P\000a\000c\000k\000a\000g\000e}{subsection.2.1.2}% 9
\BOOKMARK [3][-]{subsubsection.2.1.2.2}{\376\377\000B\000e\000a\000m\000o\000n\040\031\000s\000\040\000c\000o\000m\000m\000a\000n\000d\000\040\000L\000i\000n\000e\000\040\000A\000r\000g\000u\000m\000e\000n\000t\000s}{subsection.2.1.2}% 10
\BOOKMARK [2][-]{subsection.2.1.3}{\376\377\000U\000s\000i\000n\000g\000\040\000B\000e\000a\000m\000o\000n}{section.2.1}% 11
\BOOKMARK [3][-]{subsubsection.2.1.3.1}{\376\377\000B\000r\000o\000w\000s\000i\000n\000g\000\040\000M\000o\000d\000e\000l\000s}{subsection.2.1.3}% 12
\BOOKMARK [2][-]{subsection.2.1.4}{\376\377\000U\000s\000i\000n\000g\000\040\000t\000h\000e\000\040\000V\000i\000s\000u\000a\000l\000i\000z\000e\000r}{section.2.1}% 13
\BOOKMARK [1][-]{section.2.2}{\376\377\000M\000a\000k\000i\000n\000g\000\040\000A\000\040\000M\000o\000d\000e\000l}{chapter.2}% 14
\BOOKMARK [2][-]{subsection.2.2.1}{\376\377\000N\000o\000d\000e\000s\000\040\000A\000n\000d\000\040\000B\000o\000u\000n\000d\000r\000y\000\040\000C\000o\000n\000d\000i\000t\000i\000o\000n\000s}{section.2.2}% 15
\BOOKMARK [3][-]{subsubsection.2.2.1.1}{\376\377\000W\000i\000t\000h\000\040\000G\000e\000o\000m\000e\000t\000r\000y\000\040\000F\000i\000l\000e}{subsection.2.2.1}% 16
\BOOKMARK [3][-]{subsubsection.2.2.1.2}{\376\377\000W\000i\000t\000h\000\040\000U\000s\000e\000r\000\040\000I\000n\000t\000e\000r\000f\000a\000c\000e}{subsection.2.2.1}% 17
\BOOKMARK [3][-]{subsubsection.2.2.1.3}{\376\377\000N\000o\000d\000e\000s\000\040\000a\000n\000d\000\040\000B\000o\000u\000n\000d\000r\000y\000\040\000C\000o\000n\000d\000i\000t\000i\000o\000n\000s\000\040\000V\000i\000s\000u\000a\000l\000i\000z\000a\000t\000i\000o\000n}{subsection.2.2.1}% 18
\BOOKMARK [2][-]{subsection.2.2.2}{\376\377\000E\000l\000e\000m\000e\000n\000t\000s}{section.2.2}% 19
\BOOKMARK [3][-]{subsubsection.2.2.2.1}{\376\377\000W\000i\000t\000h\000\040\000G\000e\000o\000m\000e\000t\000r\000y\000\040\000F\000i\000l\000e}{subsection.2.2.2}% 20
\BOOKMARK [3][-]{subsubsection.2.2.2.2}{\376\377\000W\000i\000t\000h\000\040\000U\000s\000e\000r\000\040\000I\000n\000t\000e\000r\000f\000a\000c\000e}{subsection.2.2.2}% 21
\BOOKMARK [3][-]{subsubsection.2.2.2.3}{\376\377\000E\000l\000e\000m\000e\000n\000t\000s\000\040\000V\000i\000s\000u\000a\000l\000i\000z\000a\000t\000i\000o\000n}{subsection.2.2.2}% 22
\BOOKMARK [2][-]{subsection.2.2.3}{\376\377\000N\000o\000d\000e\000s\000\040\000J\000o\000i\000n\000t\000s}{section.2.2}% 23
\BOOKMARK [3][-]{subsubsection.2.2.3.1}{\376\377\000W\000i\000t\000h\000\040\000G\000e\000o\000m\000e\000t\000r\000y\000\040\000F\000i\000l\000e}{subsection.2.2.3}% 24
\BOOKMARK [3][-]{subsubsection.2.2.3.2}{\376\377\000W\000i\000t\000h\000\040\000U\000s\000e\000r\000\040\000I\000n\000t\000e\000r\000f\000a\000c\000e}{subsection.2.2.3}% 25
\BOOKMARK [3][-]{subsubsection.2.2.3.3}{\376\377\000J\000o\000i\000n\000t\000s\000\040\000V\000i\000s\000u\000a\000l\000i\000z\000a\000t\000i\000o\000n}{subsection.2.2.3}% 26
\BOOKMARK [2][-]{subsection.2.2.4}{\376\377\000N\000o\000d\000e\000s\000\040\000L\000o\000a\000d\000s}{section.2.2}% 27
\BOOKMARK [3][-]{subsubsection.2.2.4.1}{\376\377\000W\000i\000t\000h\000\040\000G\000e\000o\000m\000e\000t\000r\000y\000\040\000F\000i\000l\000e}{subsection.2.2.4}% 28
\BOOKMARK [3][-]{subsubsection.2.2.4.2}{\376\377\000W\000i\000t\000h\000\040\000U\000s\000e\000r\000\040\000I\000n\000t\000e\000r\000f\000a\000c\000e}{subsection.2.2.4}% 29
\BOOKMARK [3][-]{subsubsection.2.2.4.3}{\376\377\000N\000o\000d\000e\000s\000\040\000L\000o\000a\000d\000s\000\040\000V\000i\000s\000u\000a\000l\000i\000z\000a\000t\000i\000o\000n}{subsection.2.2.4}% 30
\BOOKMARK [2][-]{subsection.2.2.5}{\376\377\000E\000l\000e\000m\000e\000n\000t\000\040\000L\000o\000a\000d\000s}{section.2.2}% 31
\BOOKMARK [3][-]{subsubsection.2.2.5.1}{\376\377\000W\000i\000t\000h\000\040\000G\000e\000o\000m\000e\000t\000r\000y\000\040\000F\000i\000l\000e}{subsection.2.2.5}% 32
\BOOKMARK [3][-]{subsubsection.2.2.5.2}{\376\377\000W\000i\000t\000h\000\040\000U\000s\000e\000r\000\040\000I\000n\000t\000e\000r\000f\000a\000c\000e}{subsection.2.2.5}% 33
\BOOKMARK [3][-]{subsubsection.2.2.5.3}{\376\377\000E\000l\000e\000m\000e\000n\000t\000\040\000L\000o\000a\000d\000s\000\040\000V\000i\000s\000u\000a\000l\000i\000z\000a\000t\000i\000o\000n}{subsection.2.2.5}% 34
\BOOKMARK [2][-]{subsection.2.2.6}{\376\377\000P\000r\000o\000f\000i\000l\000e\000s\000\040\000a\000n\000d\000\040\000B\000e\000a\000m\000S\000i\000z\000e}{section.2.2}% 35
\BOOKMARK [3][-]{subsubsection.2.2.6.1}{\376\377\000W\000i\000t\000h\000\040\000G\000e\000o\000m\000e\000t\000r\000y\000\040\000F\000i\000l\000e}{subsection.2.2.6}% 36
\BOOKMARK [3][-]{subsubsection.2.2.6.2}{\376\377\000W\000i\000t\000h\000\040\000U\000s\000e\000r\000\040\000I\000n\000t\000e\000r\000f\000a\000c\000e}{subsection.2.2.6}% 37
\BOOKMARK [3][-]{subsubsection.2.2.6.3}{\376\377\000W\000i\000t\000h\000\040\000B\000e\000a\000m\000S\000i\000z\000e}{subsection.2.2.6}% 38
\BOOKMARK [1][-]{section.2.3}{\376\377\000T\000h\000e\000o\000r\000y}{chapter.2}% 39
\BOOKMARK [2][-]{subsection.2.3.1}{\376\377\000E\000l\000e\000m\000e\000n\000t\000\040\000O\000r\000i\000e\000n\000t\000a\000t\000i\000o\000n}{section.2.3}% 40
\BOOKMARK [2][-]{subsection.2.3.2}{\376\377\000C\000A\000L\000F\000E\000M}{section.2.3}% 41
\BOOKMARK [1][-]{section.2.4}{\376\377\000A\000P\000I}{chapter.2}% 42
\BOOKMARK [2][-]{subsection.2.4.1}{\376\377\000C\000o\000r\000e}{section.2.4}% 43
\BOOKMARK [2][-]{subsection.2.4.2}{\376\377\000S\000i\000m\000u\000l\000a\000t\000i\000o\000n}{section.2.4}% 44
\BOOKMARK [2][-]{subsection.2.4.3}{\376\377\000D\000a\000t\000a\000b\000a\000s\000e}{section.2.4}% 45
\BOOKMARK [2][-]{subsection.2.4.4}{\376\377\000U\000I\000.\000M\000a\000i\000n}{section.2.4}% 46
\BOOKMARK [2][-]{subsection.2.4.5}{\376\377\000U\000I\000.\000V\000i\000s\000u\000a\000l\000i\000z\000e\000r}{section.2.4}% 47
\BOOKMARK [2][-]{subsection.2.4.6}{\376\377\000U\000I\000.\000V\000i\000s\000u\000a\000l\000i\000z\000a\000t\000i\000o\000n}{section.2.4}% 48
\BOOKMARK [2][-]{subsection.2.4.7}{\376\377\000I\000n\000d\000i\000c\000e\000s\000\040\000a\000n\000d\000\040\000t\000a\000b\000l\000e\000s}{section.2.4}% 49
\BOOKMARK [1][-]{section.2.5}{\376\377\000C\000o\000n\000t\000r\000i\000b\000u\000t\000i\000n\000g}{chapter.2}% 50
\BOOKMARK [2][-]{subsection.2.5.1}{\376\377\000P\000r\000o\000g\000r\000a\000m\000m\000i\000n\000g\000\040\000E\000n\000v\000i\000r\000o\000n\000m\000e\000n\000t}{section.2.5}% 51
\BOOKMARK [3][-]{subsubsection.2.5.1.1}{\376\377\000P\000y\000t\000h\000o\000n\000\040\000E\000n\000v\000i\000r\000o\000n\000m\000e\000n\000t}{subsection.2.5.1}% 52
\BOOKMARK [3][-]{subsubsection.2.5.1.2}{\376\377\000I\000D\000E}{subsection.2.5.1}% 53
\BOOKMARK [3][-]{subsubsection.2.5.1.3}{\376\377\000P\000r\000o\000j\000e\000c\000t\000\040\000R\000e\000q\000u\000i\000r\000e\000m\000e\000n\000t\000s}{subsection.2.5.1}% 54
\BOOKMARK [2][-]{subsection.2.5.2}{\376\377\000P\000r\000o\000j\000e\000c\000t\000\040\000S\000t\000r\000u\000c\000t\000u\000r\000e}{section.2.5}% 55
\BOOKMARK [3][-]{subsubsection.2.5.2.1}{\376\377\000D\000i\000r\000e\000c\000t\000i\000v\000e\000s\000\040\000S\000t\000r\000u\000c\000t\000u\000r\000e}{subsection.2.5.2}% 56
\BOOKMARK [3][-]{subsubsection.2.5.2.2}{\376\377\000D\000i\000s\000c\000r\000i\000p\000t\000i\000o\000n}{subsection.2.5.2}% 57
\BOOKMARK [4][-]{paragraph.2.5.2.2.1}{\376\377\000T\000h\000e\000\040\000A\000c\000t\000u\000a\000l\000\040\000M\000o\000d\000u\000l\000e}{subsubsection.2.5.2.2}% 58
\BOOKMARK [4][-]{paragraph.2.5.2.2.2}{\376\377\000R\000e\000l\000e\000a\000s\000e\000\040\000F\000i\000l\000e\000s}{subsubsection.2.5.2.2}% 59
\BOOKMARK [4][-]{paragraph.2.5.2.2.3}{\376\377\000R\000e\000s\000o\000u\000r\000c\000e\000s}{subsubsection.2.5.2.2}% 60
\BOOKMARK [4][-]{paragraph.2.5.2.2.4}{\376\377\000L\000i\000c\000e\000n\000s\000e}{subsubsection.2.5.2.2}% 61
\BOOKMARK [4][-]{paragraph.2.5.2.2.5}{\376\377\000S\000e\000t\000u\000p\000.\000p\000y}{subsubsection.2.5.2.2}% 62
\BOOKMARK [4][-]{paragraph.2.5.2.2.6}{\376\377\000M\000a\000k\000e}{subsubsection.2.5.2.2}% 63
\BOOKMARK [4][-]{paragraph.2.5.2.2.7}{\376\377\000P\000y\000I\000n\000s\000t\000a\000l\000l\000e\000r\000\040\000S\000p\000e\000c\000i\000f\000i\000c\000a\000t\000i\000o\000n\000:}{subsubsection.2.5.2.2}% 64
\BOOKMARK [4][-]{paragraph.2.5.2.2.8}{\376\377\000D\000i\000s\000t\000r\000i\000b\000u\000t\000i\000o\000n\000\040\000f\000i\000l\000e\000s}{subsubsection.2.5.2.2}% 65
\BOOKMARK [4][-]{paragraph.2.5.2.2.9}{\376\377\000R\000e\000q\000u\000i\000r\000e\000m\000e\000n\000t\000s\000\040\000F\000i\000l\000e}{subsubsection.2.5.2.2}% 66
\BOOKMARK [4][-]{paragraph.2.5.2.2.10}{\376\377\000D\000o\000c\000u\000m\000e\000n\000t\000a\000t\000i\000o\000n}{subsubsection.2.5.2.2}% 67
\BOOKMARK [4][-]{paragraph.2.5.2.2.11}{\376\377\000T\000e\000s\000t\000\040\000S\000u\000i\000t\000e}{subsubsection.2.5.2.2}% 68
\BOOKMARK [2][-]{subsection.2.5.3}{\376\377\000I\000m\000p\000l\000e\000m\000e\000n\000t\000a\000t\000i\000o\000n\000\040\000D\000e\000t\000a\000i\000l\000s}{section.2.5}% 69
\BOOKMARK [3][-]{subsubsection.2.5.3.1}{\376\377\000T\000h\000e\000\040\000D\000a\000t\000a\000b\000a\000s\000e}{subsection.2.5.3}% 70
\BOOKMARK [4][-]{paragraph.2.5.3.1.1}{\376\377\000D\000a\000t\000a\000b\000a\000s\000e\000\040\000S\000t\000r\000u\000c\000t\000u\000r\000e\000\040\000-\000\040\000O\000r\000i\000g\000i\000n\000a\000l\000\040\000I\000d\000e\000a\000\040\000a\000n\000d\000\040\000I\000t\040\031\000s\000\040\000P\000r\000o\000b\000l\000e\000m\000s}{subsubsection.2.5.3.1}% 71
\BOOKMARK [4][-]{paragraph.2.5.3.1.2}{\376\377\000S\000Q\000L\000i\000t\000e\000\040\000Q\000u\000e\000r\000i\000e\000s}{subsubsection.2.5.3.1}% 72
\BOOKMARK [4][-]{paragraph.2.5.3.1.3}{\376\377\000P\000r\000o\000b\000l\000e\000m\000s\000\040\000w\000i\000t\000h\000\040\000S\000Q\000L\000\040\000Q\000u\000e\000r\000i\000e\000s}{subsubsection.2.5.3.1}% 73
\BOOKMARK [4][-]{paragraph.2.5.3.1.4}{\376\377\000R\000e\000a\000d\000i\000n\000g\000\040\000G\000e\000o\000m\000e\000t\000r\000y\000\040\000F\000i\000l\000e\000s\000\040\000E\000f\000f\000i\000c\000i\000e\000n\000t\000l\000y}{subsubsection.2.5.3.1}% 74
\BOOKMARK [3][-]{subsubsection.2.5.3.2}{\376\377\000P\000y\000S\000i\000d\000e\0002\000\040\000o\000r\000\040\000P\000y\000Q\000t\0005}{subsection.2.5.3}% 75
\BOOKMARK [3][-]{subsubsection.2.5.3.3}{\376\377\000P\000a\000c\000k\000a\000g\000e\000\040\000v\000s\000.\000\040\000E\000x\000e\000c\000u\000t\000a\000b\000l\000e}{subsection.2.5.3}% 76
\BOOKMARK [3][-]{subsubsection.2.5.3.4}{\376\377\000C\000l\000a\000s\000s\000\040\000S\000t\000r\000u\000c\000t\000u\000r\000e\000\040\000\050\000a\000l\000p\000h\000a\000\040\000r\000e\000l\000e\000a\000s\000e\000\051}{subsection.2.5.3}% 77
\BOOKMARK [3][-]{subsubsection.2.5.3.5}{\376\377\000A\000p\000p\000l\000i\000e\000d\000\040\000a\000n\000d\000\040\000S\000u\000i\000t\000a\000b\000l\000e\000\040\000D\000e\000s\000i\000g\000n\000\040\000P\000a\000t\000t\000e\000r\000n\000s}{subsection.2.5.3}% 78
\BOOKMARK [3][-]{subsubsection.2.5.3.6}{\376\377\000H\000o\000w\000\040\000T\000h\000e\000\040\000U\000I\000\040\000I\000s\000\040\000B\000u\000i\000l\000t}{subsection.2.5.3}% 79
\BOOKMARK [3][-]{subsubsection.2.5.3.7}{\376\377\000T\000h\000e\000\040\000S\000i\000m\000u\000l\000a\000t\000i\000o\000n}{subsection.2.5.3}% 80
\BOOKMARK [2][-]{subsection.2.5.4}{\376\377\000H\000o\000w\000\040\000T\000O\000s}{section.2.5}% 81
\BOOKMARK [3][-]{subsubsection.2.5.4.1}{\376\377\000H\000o\000w\000\040\000T\000o\000\040\000B\000u\000i\000l\000d\000\040\000T\000h\000i\000s\000\040\000D\000o\000c\000u\000m\000e\000n\000t\000a\000t\000i\000o\000n}{subsection.2.5.4}% 82
\BOOKMARK [4][-]{paragraph.2.5.4.1.1}{\376\377\000L\000a\000t\000e\000x\000\040\000B\000u\000i\000l\000d}{subsubsection.2.5.4.1}% 83
\BOOKMARK [4][-]{paragraph.2.5.4.1.2}{\376\377\000H\000T\000M\000L\000\040\000B\000u\000i\000l\000d}{subsubsection.2.5.4.1}% 84
\BOOKMARK [4][-]{paragraph.2.5.4.1.3}{\376\377\000E\000p\000u\000b\000\040\000B\000u\000i\000l\000d}{subsubsection.2.5.4.1}% 85
\BOOKMARK [4][-]{paragraph.2.5.4.1.4}{\376\377\000P\000D\000F\000\040\000B\000u\000i\000l\000d}{subsubsection.2.5.4.1}% 86
\BOOKMARK [4][-]{paragraph.2.5.4.1.5}{\376\377\000B\000u\000i\000l\000d\000\040\000A\000l\000l}{subsubsection.2.5.4.1}% 87
\BOOKMARK [3][-]{subsubsection.2.5.4.2}{\376\377\000H\000o\000w\000\040\000t\000o\000\040\000S\000t\000y\000l\000e\000\040\000Q\000T\000a\000b\000l\000e\000V\000i\000e\000w\000\040\000C\000e\000l\000l\000s}{subsection.2.5.4}% 88
\BOOKMARK [0][-]{section*.142}{\376\377\000P\000y\000t\000h\000o\000n\000\040\000M\000o\000d\000u\000l\000e\000\040\000I\000n\000d\000e\000x}{}% 89
\BOOKMARK [0][-]{section*.143}{\376\377\000I\000n\000d\000e\000x}{}% 90
